This is pdfTeX, Version 3.14159265-2.6-1.40.20 (TeX Live 2019) (preloaded format=pdflatex 2019.5.8)  20 NOV 2020 20:11
entering extended mode
 restricted \write18 enabled.
 file:line:error style messages enabled.
 %&-line parsing enabled.
**ans4.tex
(./ans4.tex
LaTeX2e <2018-12-01>
(/usr/local/texlive/2019/texmf-dist/tex/latex/base/article.cls
Document Class: article 2018/09/03 v1.4i Standard LaTeX document class
(/usr/local/texlive/2019/texmf-dist/tex/latex/base/size10.clo
File: size10.clo 2018/09/03 v1.4i Standard LaTeX file (size option)
)
\c@part=\count80
\c@section=\count81
\c@subsection=\count82
\c@subsubsection=\count83
\c@paragraph=\count84
\c@subparagraph=\count85
\c@figure=\count86
\c@table=\count87
\abovecaptionskip=\skip41
\belowcaptionskip=\skip42
\bibindent=\dimen102
)
(/usr/local/texlive/2019/texmf-dist/tex/latex/base/inputenc.sty
Package: inputenc 2018/08/11 v1.3c Input encoding file
\inpenc@prehook=\toks14
\inpenc@posthook=\toks15
)
(/usr/local/texlive/2019/texmf-dist/tex/generic/babel/babel.sty
Package: babel 2019/05/04 3.31 The Babel package

(/usr/local/texlive/2019/texmf-dist/tex/generic/babel/switch.def
File: switch.def 2019/05/04 3.31 Babel switching mechanism
)
(/usr/local/texlive/2019/texmf-dist/tex/generic/babel-english/english.ldf
Language: english 2017/06/06 v3.3r English support from the babel system

(/usr/local/texlive/2019/texmf-dist/tex/generic/babel/babel.def
File: babel.def 2019/05/04 3.31 Babel common definitions
\babel@savecnt=\count88
\U@D=\dimen103

(/usr/local/texlive/2019/texmf-dist/tex/generic/babel/txtbabel.def)
\bbl@dirlevel=\count89
)
\l@canadian = a dialect from \language\l@american 
\l@australian = a dialect from \language\l@british 
\l@newzealand = a dialect from \language\l@british 
))
(/usr/local/texlive/2019/texmf-dist/tex/latex/hyperref/hyperref.sty
Package: hyperref 2018/11/30 v6.88e Hypertext links for LaTeX

(/usr/local/texlive/2019/texmf-dist/tex/generic/oberdiek/hobsub-hyperref.sty
Package: hobsub-hyperref 2016/05/16 v1.14 Bundle oberdiek, subset hyperref (HO)


(/usr/local/texlive/2019/texmf-dist/tex/generic/oberdiek/hobsub-generic.sty
Package: hobsub-generic 2016/05/16 v1.14 Bundle oberdiek, subset generic (HO)
Package: hobsub 2016/05/16 v1.14 Construct package bundles (HO)
Package: infwarerr 2016/05/16 v1.4 Providing info/warning/error messages (HO)
Package: ltxcmds 2016/05/16 v1.23 LaTeX kernel commands for general use (HO)
Package: ifluatex 2016/05/16 v1.4 Provides the ifluatex switch (HO)
Package ifluatex Info: LuaTeX not detected.
Package: ifvtex 2016/05/16 v1.6 Detect VTeX and its facilities (HO)
Package ifvtex Info: VTeX not detected.
Package: intcalc 2016/05/16 v1.2 Expandable calculations with integers (HO)
Package: ifpdf 2018/09/07 v3.3 Provides the ifpdf switch
Package: etexcmds 2016/05/16 v1.6 Avoid name clashes with e-TeX commands (HO)
Package: kvsetkeys 2016/05/16 v1.17 Key value parser (HO)
Package: kvdefinekeys 2016/05/16 v1.4 Define keys (HO)
Package: pdftexcmds 2018/09/10 v0.29 Utility functions of pdfTeX for LuaTeX (HO
)
Package pdftexcmds Info: LuaTeX not detected.
Package pdftexcmds Info: \pdf@primitive is available.
Package pdftexcmds Info: \pdf@ifprimitive is available.
Package pdftexcmds Info: \pdfdraftmode found.
Package: pdfescape 2016/05/16 v1.14 Implements pdfTeX's escape features (HO)
Package: bigintcalc 2016/05/16 v1.4 Expandable calculations on big integers (HO
)
Package: bitset 2016/05/16 v1.2 Handle bit-vector datatype (HO)
Package: uniquecounter 2016/05/16 v1.3 Provide unlimited unique counter (HO)
)
Package hobsub Info: Skipping package `hobsub' (already loaded).
Package: letltxmacro 2016/05/16 v1.5 Let assignment for LaTeX macros (HO)
Package: hopatch 2016/05/16 v1.3 Wrapper for package hooks (HO)
Package: xcolor-patch 2016/05/16 xcolor patch
Package: atveryend 2016/05/16 v1.9 Hooks at the very end of document (HO)
Package atveryend Info: \enddocument detected (standard20110627).
Package: atbegshi 2016/06/09 v1.18 At begin shipout hook (HO)
Package: refcount 2016/05/16 v3.5 Data extraction from label references (HO)
Package: hycolor 2016/05/16 v1.8 Color options for hyperref/bookmark (HO)
)
(/usr/local/texlive/2019/texmf-dist/tex/latex/graphics/keyval.sty
Package: keyval 2014/10/28 v1.15 key=value parser (DPC)
\KV@toks@=\toks16
)
(/usr/local/texlive/2019/texmf-dist/tex/generic/ifxetex/ifxetex.sty
Package: ifxetex 2010/09/12 v0.6 Provides ifxetex conditional
)
(/usr/local/texlive/2019/texmf-dist/tex/latex/oberdiek/auxhook.sty
Package: auxhook 2016/05/16 v1.4 Hooks for auxiliary files (HO)
)
(/usr/local/texlive/2019/texmf-dist/tex/latex/oberdiek/kvoptions.sty
Package: kvoptions 2016/05/16 v3.12 Key value format for package options (HO)
)
\@linkdim=\dimen104
\Hy@linkcounter=\count90
\Hy@pagecounter=\count91

(/usr/local/texlive/2019/texmf-dist/tex/latex/hyperref/pd1enc.def
File: pd1enc.def 2018/11/30 v6.88e Hyperref: PDFDocEncoding definition (HO)
Now handling font encoding PD1 ...
... no UTF-8 mapping file for font encoding PD1
)
\Hy@SavedSpaceFactor=\count92

(/usr/local/texlive/2019/texmf-dist/tex/latex/latexconfig/hyperref.cfg
File: hyperref.cfg 2002/06/06 v1.2 hyperref configuration of TeXLive
)
Package hyperref Info: Hyper figures OFF on input line 4519.
Package hyperref Info: Link nesting OFF on input line 4524.
Package hyperref Info: Hyper index ON on input line 4527.
Package hyperref Info: Plain pages OFF on input line 4534.
Package hyperref Info: Backreferencing OFF on input line 4539.
Package hyperref Info: Implicit mode ON; LaTeX internals redefined.
Package hyperref Info: Bookmarks ON on input line 4772.
\c@Hy@tempcnt=\count93

(/usr/local/texlive/2019/texmf-dist/tex/latex/url/url.sty
\Urlmuskip=\muskip10
Package: url 2013/09/16  ver 3.4  Verb mode for urls, etc.
)
LaTeX Info: Redefining \url on input line 5125.
\XeTeXLinkMargin=\dimen105
\Fld@menulength=\count94
\Field@Width=\dimen106
\Fld@charsize=\dimen107
Package hyperref Info: Hyper figures OFF on input line 6380.
Package hyperref Info: Link nesting OFF on input line 6385.
Package hyperref Info: Hyper index ON on input line 6388.
Package hyperref Info: backreferencing OFF on input line 6395.
Package hyperref Info: Link coloring OFF on input line 6400.
Package hyperref Info: Link coloring with OCG OFF on input line 6405.
Package hyperref Info: PDF/A mode OFF on input line 6410.
LaTeX Info: Redefining \ref on input line 6450.
LaTeX Info: Redefining \pageref on input line 6454.
\Hy@abspage=\count95
\c@Item=\count96
\c@Hfootnote=\count97
)
Package hyperref Info: Driver (autodetected): hpdftex.

(/usr/local/texlive/2019/texmf-dist/tex/latex/hyperref/hpdftex.def
File: hpdftex.def 2018/11/30 v6.88e Hyperref driver for pdfTeX
\Fld@listcount=\count98
\c@bookmark@seq@number=\count99

(/usr/local/texlive/2019/texmf-dist/tex/latex/oberdiek/rerunfilecheck.sty
Package: rerunfilecheck 2016/05/16 v1.8 Rerun checks for auxiliary files (HO)
Package uniquecounter Info: New unique counter `rerunfilecheck' on input line 2
82.
)
\Hy@SectionHShift=\skip43
)
(/usr/local/texlive/2019/texmf-dist/tex/latex/geometry/geometry.sty
Package: geometry 2018/04/16 v5.8 Page Geometry
\Gm@cnth=\count100
\Gm@cntv=\count101
\c@Gm@tempcnt=\count102
\Gm@bindingoffset=\dimen108
\Gm@wd@mp=\dimen109
\Gm@odd@mp=\dimen110
\Gm@even@mp=\dimen111
\Gm@layoutwidth=\dimen112
\Gm@layoutheight=\dimen113
\Gm@layouthoffset=\dimen114
\Gm@layoutvoffset=\dimen115
\Gm@dimlist=\toks17
)
(/usr/local/texlive/2019/texmf-dist/tex/latex/pgf/frontendlayer/tikz.sty
(/usr/local/texlive/2019/texmf-dist/tex/latex/pgf/basiclayer/pgf.sty
(/usr/local/texlive/2019/texmf-dist/tex/latex/pgf/utilities/pgfrcs.sty
(/usr/local/texlive/2019/texmf-dist/tex/generic/pgf/utilities/pgfutil-common.te
x
\pgfutil@everybye=\toks18
\pgfutil@tempdima=\dimen116
\pgfutil@tempdimb=\dimen117

(/usr/local/texlive/2019/texmf-dist/tex/generic/pgf/utilities/pgfutil-common-li
sts.tex))
(/usr/local/texlive/2019/texmf-dist/tex/generic/pgf/utilities/pgfutil-latex.def
\pgfutil@abb=\box27
(/usr/local/texlive/2019/texmf-dist/tex/latex/ms/everyshi.sty
Package: everyshi 2001/05/15 v3.00 EveryShipout Package (MS)
))
(/usr/local/texlive/2019/texmf-dist/tex/generic/pgf/utilities/pgfrcs.code.tex
(/usr/local/texlive/2019/texmf-dist/tex/generic/pgf/pgf.revision.tex)
Package: pgfrcs 2019/04/04 v3.1.2 (3.1.2)
))
Package: pgf 2019/04/04 v3.1.2 (3.1.2)

(/usr/local/texlive/2019/texmf-dist/tex/latex/pgf/basiclayer/pgfcore.sty
(/usr/local/texlive/2019/texmf-dist/tex/latex/graphics/graphicx.sty
Package: graphicx 2017/06/01 v1.1a Enhanced LaTeX Graphics (DPC,SPQR)

(/usr/local/texlive/2019/texmf-dist/tex/latex/graphics/graphics.sty
Package: graphics 2017/06/25 v1.2c Standard LaTeX Graphics (DPC,SPQR)

(/usr/local/texlive/2019/texmf-dist/tex/latex/graphics/trig.sty
Package: trig 2016/01/03 v1.10 sin cos tan (DPC)
)
(/usr/local/texlive/2019/texmf-dist/tex/latex/graphics-cfg/graphics.cfg
File: graphics.cfg 2016/06/04 v1.11 sample graphics configuration
)
Package graphics Info: Driver file: pdftex.def on input line 99.

(/usr/local/texlive/2019/texmf-dist/tex/latex/graphics-def/pdftex.def
File: pdftex.def 2018/01/08 v1.0l Graphics/color driver for pdftex
))
\Gin@req@height=\dimen118
\Gin@req@width=\dimen119
)
(/usr/local/texlive/2019/texmf-dist/tex/latex/pgf/systemlayer/pgfsys.sty
(/usr/local/texlive/2019/texmf-dist/tex/generic/pgf/systemlayer/pgfsys.code.tex
Package: pgfsys 2019/04/04 v3.1.2 (3.1.2)
(/usr/local/texlive/2019/texmf-dist/tex/generic/pgf/utilities/pgfkeys.code.tex
\pgfkeys@pathtoks=\toks19
\pgfkeys@temptoks=\toks20

(/usr/local/texlive/2019/texmf-dist/tex/generic/pgf/utilities/pgfkeysfiltered.c
ode.tex
\pgfkeys@tmptoks=\toks21
))
\pgf@x=\dimen120
\pgf@y=\dimen121
\pgf@xa=\dimen122
\pgf@ya=\dimen123
\pgf@xb=\dimen124
\pgf@yb=\dimen125
\pgf@xc=\dimen126
\pgf@yc=\dimen127
\w@pgf@writea=\write3
\r@pgf@reada=\read1
\c@pgf@counta=\count103
\c@pgf@countb=\count104
\c@pgf@countc=\count105
\c@pgf@countd=\count106
\t@pgf@toka=\toks22
\t@pgf@tokb=\toks23
\t@pgf@tokc=\toks24
\pgf@sys@id@count=\count107

(/usr/local/texlive/2019/texmf-dist/tex/generic/pgf/systemlayer/pgf.cfg
File: pgf.cfg 2019/04/04 v3.1.2 (3.1.2)
)
Driver file for pgf: pgfsys-pdftex.def

(/usr/local/texlive/2019/texmf-dist/tex/generic/pgf/systemlayer/pgfsys-pdftex.d
ef
File: pgfsys-pdftex.def 2019/04/04 v3.1.2 (3.1.2)

(/usr/local/texlive/2019/texmf-dist/tex/generic/pgf/systemlayer/pgfsys-common-p
df.def
File: pgfsys-common-pdf.def 2019/04/04 v3.1.2 (3.1.2)
)))
(/usr/local/texlive/2019/texmf-dist/tex/generic/pgf/systemlayer/pgfsyssoftpath.
code.tex
File: pgfsyssoftpath.code.tex 2019/04/04 v3.1.2 (3.1.2)
\pgfsyssoftpath@smallbuffer@items=\count108
\pgfsyssoftpath@bigbuffer@items=\count109
)
(/usr/local/texlive/2019/texmf-dist/tex/generic/pgf/systemlayer/pgfsysprotocol.
code.tex
File: pgfsysprotocol.code.tex 2019/04/04 v3.1.2 (3.1.2)
)) (/usr/local/texlive/2019/texmf-dist/tex/latex/xcolor/xcolor.sty
Package: xcolor 2016/05/11 v2.12 LaTeX color extensions (UK)

(/usr/local/texlive/2019/texmf-dist/tex/latex/graphics-cfg/color.cfg
File: color.cfg 2016/01/02 v1.6 sample color configuration
)
Package xcolor Info: Driver file: pdftex.def on input line 225.
Package xcolor Info: Model `cmy' substituted by `cmy0' on input line 1348.
Package xcolor Info: Model `hsb' substituted by `rgb' on input line 1352.
Package xcolor Info: Model `RGB' extended on input line 1364.
Package xcolor Info: Model `HTML' substituted by `rgb' on input line 1366.
Package xcolor Info: Model `Hsb' substituted by `hsb' on input line 1367.
Package xcolor Info: Model `tHsb' substituted by `hsb' on input line 1368.
Package xcolor Info: Model `HSB' substituted by `hsb' on input line 1369.
Package xcolor Info: Model `Gray' substituted by `gray' on input line 1370.
Package xcolor Info: Model `wave' substituted by `hsb' on input line 1371.
)
(/usr/local/texlive/2019/texmf-dist/tex/generic/pgf/basiclayer/pgfcore.code.tex
Package: pgfcore 2019/04/04 v3.1.2 (3.1.2)
(/usr/local/texlive/2019/texmf-dist/tex/generic/pgf/math/pgfmath.code.tex
(/usr/local/texlive/2019/texmf-dist/tex/generic/pgf/math/pgfmathcalc.code.tex
(/usr/local/texlive/2019/texmf-dist/tex/generic/pgf/math/pgfmathutil.code.tex)
(/usr/local/texlive/2019/texmf-dist/tex/generic/pgf/math/pgfmathparser.code.tex
\pgfmath@dimen=\dimen128
\pgfmath@count=\count110
\pgfmath@box=\box28
\pgfmath@toks=\toks25
\pgfmath@stack@operand=\toks26
\pgfmath@stack@operation=\toks27
)
(/usr/local/texlive/2019/texmf-dist/tex/generic/pgf/math/pgfmathfunctions.code.
tex
(/usr/local/texlive/2019/texmf-dist/tex/generic/pgf/math/pgfmathfunctions.basic
.code.tex)
(/usr/local/texlive/2019/texmf-dist/tex/generic/pgf/math/pgfmathfunctions.trigo
nometric.code.tex)
(/usr/local/texlive/2019/texmf-dist/tex/generic/pgf/math/pgfmathfunctions.rando
m.code.tex)
(/usr/local/texlive/2019/texmf-dist/tex/generic/pgf/math/pgfmathfunctions.compa
rison.code.tex)
(/usr/local/texlive/2019/texmf-dist/tex/generic/pgf/math/pgfmathfunctions.base.
code.tex)
(/usr/local/texlive/2019/texmf-dist/tex/generic/pgf/math/pgfmathfunctions.round
.code.tex)
(/usr/local/texlive/2019/texmf-dist/tex/generic/pgf/math/pgfmathfunctions.misc.
code.tex)
(/usr/local/texlive/2019/texmf-dist/tex/generic/pgf/math/pgfmathfunctions.integ
erarithmetics.code.tex)))
(/usr/local/texlive/2019/texmf-dist/tex/generic/pgf/math/pgfmathfloat.code.tex
\c@pgfmathroundto@lastzeros=\count111
))
(/usr/local/texlive/2019/texmf-dist/tex/generic/pgf/basiclayer/pgfcorepoints.co
de.tex
File: pgfcorepoints.code.tex 2019/04/04 v3.1.2 (3.1.2)
\pgf@picminx=\dimen129
\pgf@picmaxx=\dimen130
\pgf@picminy=\dimen131
\pgf@picmaxy=\dimen132
\pgf@pathminx=\dimen133
\pgf@pathmaxx=\dimen134
\pgf@pathminy=\dimen135
\pgf@pathmaxy=\dimen136
\pgf@xx=\dimen137
\pgf@xy=\dimen138
\pgf@yx=\dimen139
\pgf@yy=\dimen140
\pgf@zx=\dimen141
\pgf@zy=\dimen142
)
(/usr/local/texlive/2019/texmf-dist/tex/generic/pgf/basiclayer/pgfcorepathconst
ruct.code.tex
File: pgfcorepathconstruct.code.tex 2019/04/04 v3.1.2 (3.1.2)
\pgf@path@lastx=\dimen143
\pgf@path@lasty=\dimen144
)
(/usr/local/texlive/2019/texmf-dist/tex/generic/pgf/basiclayer/pgfcorepathusage
.code.tex
File: pgfcorepathusage.code.tex 2019/04/04 v3.1.2 (3.1.2)
\pgf@shorten@end@additional=\dimen145
\pgf@shorten@start@additional=\dimen146
)
(/usr/local/texlive/2019/texmf-dist/tex/generic/pgf/basiclayer/pgfcorescopes.co
de.tex
File: pgfcorescopes.code.tex 2019/04/04 v3.1.2 (3.1.2)
\pgfpic=\box29
\pgf@hbox=\box30
\pgf@layerbox@main=\box31
\pgf@picture@serial@count=\count112
)
(/usr/local/texlive/2019/texmf-dist/tex/generic/pgf/basiclayer/pgfcoregraphicst
ate.code.tex
File: pgfcoregraphicstate.code.tex 2019/04/04 v3.1.2 (3.1.2)
\pgflinewidth=\dimen147
)
(/usr/local/texlive/2019/texmf-dist/tex/generic/pgf/basiclayer/pgfcoretransform
ations.code.tex
File: pgfcoretransformations.code.tex 2019/04/04 v3.1.2 (3.1.2)
\pgf@pt@x=\dimen148
\pgf@pt@y=\dimen149
\pgf@pt@temp=\dimen150
)
(/usr/local/texlive/2019/texmf-dist/tex/generic/pgf/basiclayer/pgfcorequick.cod
e.tex
File: pgfcorequick.code.tex 2019/04/04 v3.1.2 (3.1.2)
)
(/usr/local/texlive/2019/texmf-dist/tex/generic/pgf/basiclayer/pgfcoreobjects.c
ode.tex
File: pgfcoreobjects.code.tex 2019/04/04 v3.1.2 (3.1.2)
)
(/usr/local/texlive/2019/texmf-dist/tex/generic/pgf/basiclayer/pgfcorepathproce
ssing.code.tex
File: pgfcorepathprocessing.code.tex 2019/04/04 v3.1.2 (3.1.2)
)
(/usr/local/texlive/2019/texmf-dist/tex/generic/pgf/basiclayer/pgfcorearrows.co
de.tex
File: pgfcorearrows.code.tex 2019/04/04 v3.1.2 (3.1.2)
\pgfarrowsep=\dimen151
)
(/usr/local/texlive/2019/texmf-dist/tex/generic/pgf/basiclayer/pgfcoreshade.cod
e.tex
File: pgfcoreshade.code.tex 2019/04/04 v3.1.2 (3.1.2)
\pgf@max=\dimen152
\pgf@sys@shading@range@num=\count113
\pgf@shadingcount=\count114
)
(/usr/local/texlive/2019/texmf-dist/tex/generic/pgf/basiclayer/pgfcoreimage.cod
e.tex
File: pgfcoreimage.code.tex 2019/04/04 v3.1.2 (3.1.2)

(/usr/local/texlive/2019/texmf-dist/tex/generic/pgf/basiclayer/pgfcoreexternal.
code.tex
File: pgfcoreexternal.code.tex 2019/04/04 v3.1.2 (3.1.2)
\pgfexternal@startupbox=\box32
))
(/usr/local/texlive/2019/texmf-dist/tex/generic/pgf/basiclayer/pgfcorelayers.co
de.tex
File: pgfcorelayers.code.tex 2019/04/04 v3.1.2 (3.1.2)
)
(/usr/local/texlive/2019/texmf-dist/tex/generic/pgf/basiclayer/pgfcoretranspare
ncy.code.tex
File: pgfcoretransparency.code.tex 2019/04/04 v3.1.2 (3.1.2)
)
(/usr/local/texlive/2019/texmf-dist/tex/generic/pgf/basiclayer/pgfcorepatterns.
code.tex
File: pgfcorepatterns.code.tex 2019/04/04 v3.1.2 (3.1.2)
)
(/usr/local/texlive/2019/texmf-dist/tex/generic/pgf/basiclayer/pgfcorerdf.code.
tex
File: pgfcorerdf.code.tex 2019/04/04 v3.1.2 (3.1.2)
)))
(/usr/local/texlive/2019/texmf-dist/tex/generic/pgf/modules/pgfmoduleshapes.cod
e.tex
File: pgfmoduleshapes.code.tex 2019/04/04 v3.1.2 (3.1.2)
\pgfnodeparttextbox=\box33
)
(/usr/local/texlive/2019/texmf-dist/tex/generic/pgf/modules/pgfmoduleplot.code.
tex
File: pgfmoduleplot.code.tex 2019/04/04 v3.1.2 (3.1.2)
)
(/usr/local/texlive/2019/texmf-dist/tex/latex/pgf/compatibility/pgfcomp-version
-0-65.sty
Package: pgfcomp-version-0-65 2019/04/04 v3.1.2 (3.1.2)
\pgf@nodesepstart=\dimen153
\pgf@nodesepend=\dimen154
)
(/usr/local/texlive/2019/texmf-dist/tex/latex/pgf/compatibility/pgfcomp-version
-1-18.sty
Package: pgfcomp-version-1-18 2019/04/04 v3.1.2 (3.1.2)
))
(/usr/local/texlive/2019/texmf-dist/tex/latex/pgf/utilities/pgffor.sty
(/usr/local/texlive/2019/texmf-dist/tex/latex/pgf/utilities/pgfkeys.sty
(/usr/local/texlive/2019/texmf-dist/tex/generic/pgf/utilities/pgfkeys.code.tex)
) (/usr/local/texlive/2019/texmf-dist/tex/latex/pgf/math/pgfmath.sty
(/usr/local/texlive/2019/texmf-dist/tex/generic/pgf/math/pgfmath.code.tex))
(/usr/local/texlive/2019/texmf-dist/tex/generic/pgf/utilities/pgffor.code.tex
Package: pgffor 2019/04/04 v3.1.2 (3.1.2)

(/usr/local/texlive/2019/texmf-dist/tex/generic/pgf/math/pgfmath.code.tex)
\pgffor@iter=\dimen155
\pgffor@skip=\dimen156
\pgffor@stack=\toks28
\pgffor@toks=\toks29
))
(/usr/local/texlive/2019/texmf-dist/tex/generic/pgf/frontendlayer/tikz/tikz.cod
e.tex
Package: tikz 2019/04/04 v3.1.2 (3.1.2)

(/usr/local/texlive/2019/texmf-dist/tex/generic/pgf/libraries/pgflibraryplothan
dlers.code.tex
File: pgflibraryplothandlers.code.tex 2019/04/04 v3.1.2 (3.1.2)
\pgf@plot@mark@count=\count115
\pgfplotmarksize=\dimen157
)
\tikz@lastx=\dimen158
\tikz@lasty=\dimen159
\tikz@lastxsaved=\dimen160
\tikz@lastysaved=\dimen161
\tikzleveldistance=\dimen162
\tikzsiblingdistance=\dimen163
\tikz@figbox=\box34
\tikz@figbox@bg=\box35
\tikz@tempbox=\box36
\tikz@tempbox@bg=\box37
\tikztreelevel=\count116
\tikznumberofchildren=\count117
\tikznumberofcurrentchild=\count118
\tikz@fig@count=\count119

(/usr/local/texlive/2019/texmf-dist/tex/generic/pgf/modules/pgfmodulematrix.cod
e.tex
File: pgfmodulematrix.code.tex 2019/04/04 v3.1.2 (3.1.2)
\pgfmatrixcurrentrow=\count120
\pgfmatrixcurrentcolumn=\count121
\pgf@matrix@numberofcolumns=\count122
)
\tikz@expandcount=\count123

(/usr/local/texlive/2019/texmf-dist/tex/generic/pgf/frontendlayer/tikz/librarie
s/tikzlibrarytopaths.code.tex
File: tikzlibrarytopaths.code.tex 2019/04/04 v3.1.2 (3.1.2)
)))
(/usr/local/texlive/2019/texmf-dist/tex/latex/multirow/multirow.sty
Package: multirow 2019/01/01 v2.4 Span multiple rows of a table
\multirow@colwidth=\skip44
\multirow@cntb=\count124
\multirow@dima=\skip45
\bigstrutjot=\dimen164
)
(./ans4.aux)
\openout1 = `ans4.aux'.

LaTeX Font Info:    Checking defaults for OML/cmm/m/it on input line 17.
LaTeX Font Info:    ... okay on input line 17.
LaTeX Font Info:    Checking defaults for T1/cmr/m/n on input line 17.
LaTeX Font Info:    ... okay on input line 17.
LaTeX Font Info:    Checking defaults for OT1/cmr/m/n on input line 17.
LaTeX Font Info:    ... okay on input line 17.
LaTeX Font Info:    Checking defaults for OMS/cmsy/m/n on input line 17.
LaTeX Font Info:    ... okay on input line 17.
LaTeX Font Info:    Checking defaults for OMX/cmex/m/n on input line 17.
LaTeX Font Info:    ... okay on input line 17.
LaTeX Font Info:    Checking defaults for U/cmr/m/n on input line 17.
LaTeX Font Info:    ... okay on input line 17.
LaTeX Font Info:    Checking defaults for PD1/pdf/m/n on input line 17.
LaTeX Font Info:    ... okay on input line 17.
\AtBeginShipoutBox=\box38
Package hyperref Info: Link coloring OFF on input line 17.
 (/usr/local/texlive/2019/texmf-dist/tex/latex/hyperref/nameref.sty
Package: nameref 2016/05/21 v2.44 Cross-referencing by name of section
(/usr/local/texlive/2019/texmf-dist/tex/generic/oberdiek/gettitlestring.sty
Package: gettitlestring 2016/05/16 v1.5 Cleanup title references (HO)
)
\c@section@level=\count125
)
LaTeX Info: Redefining \ref on input line 17.
LaTeX Info: Redefining \pageref on input line 17.
LaTeX Info: Redefining \nameref on input line 17.

(./ans4.out) (./ans4.out)
\@outlinefile=\write4
\openout4 = `ans4.out'.


*geometry* driver: auto-detecting
*geometry* detected driver: pdftex
*geometry* verbose mode - [ preamble ] result:
* driver: pdftex
* paper: a4paper
* layout: <same size as paper>
* layoutoffset:(h,v)=(0.0pt,0.0pt)
* modes: 
* h-part:(L,W,R)=(28.45274pt, 483.69684pt, 85.35829pt)
* v-part:(T,H,B)=(28.45274pt, 731.23582pt, 85.35828pt)
* \paperwidth=597.50787pt
* \paperheight=845.04684pt
* \textwidth=483.69684pt
* \textheight=731.23582pt
* \oddsidemargin=-43.81725pt
* \evensidemargin=-43.81725pt
* \topmargin=-80.81725pt
* \headheight=12.0pt
* \headsep=25.0pt
* \topskip=10.0pt
* \footskip=30.0pt
* \marginparwidth=65.0pt
* \marginparsep=11.0pt
* \columnsep=10.0pt
* \skip\footins=9.0pt plus 4.0pt minus 2.0pt
* \hoffset=0.0pt
* \voffset=0.0pt
* \mag=1000
* \@twocolumnfalse
* \@twosidefalse
* \@mparswitchfalse
* \@reversemarginfalse
* (1in=72.27pt=25.4mm, 1cm=28.453pt)

ABD: EveryShipout initializing macros
(/usr/local/texlive/2019/texmf-dist/tex/context/base/mkii/supp-pdf.mkii
[Loading MPS to PDF converter (version 2006.09.02).]
\scratchcounter=\count126
\scratchdimen=\dimen165
\scratchbox=\box39
\nofMPsegments=\count127
\nofMParguments=\count128
\everyMPshowfont=\toks30
\MPscratchCnt=\count129
\MPscratchDim=\dimen166
\MPnumerator=\count130
\makeMPintoPDFobject=\count131
\everyMPtoPDFconversion=\toks31
) (/usr/local/texlive/2019/texmf-dist/tex/latex/oberdiek/epstopdf-base.sty
Package: epstopdf-base 2016/05/15 v2.6 Base part for package epstopdf

(/usr/local/texlive/2019/texmf-dist/tex/latex/oberdiek/grfext.sty
Package: grfext 2016/05/16 v1.2 Manage graphics extensions (HO)
)
Package epstopdf-base Info: Redefining graphics rule for `.eps' on input line 4
38.
Package grfext Info: Graphics extension search list:
(grfext)             [.pdf,.png,.jpg,.mps,.jpeg,.jbig2,.jb2,.PDF,.PNG,.JPG,.JPE
G,.JBIG2,.JB2,.eps]
(grfext)             \AppendGraphicsExtensions on input line 456.

(/usr/local/texlive/2019/texmf-dist/tex/latex/latexconfig/epstopdf-sys.cfg
File: epstopdf-sys.cfg 2010/07/13 v1.3 Configuration of (r)epstopdf for TeX Liv
e
))
LaTeX Font Info:    External font `cmex10' loaded for size
(Font)              <12> on input line 19.
LaTeX Font Info:    External font `cmex10' loaded for size
(Font)              <8> on input line 19.
LaTeX Font Info:    External font `cmex10' loaded for size
(Font)              <6> on input line 19.

Underfull \hbox (badness 10000) in paragraph at lines 20--21

 []


Underfull \hbox (badness 10000) in paragraph at lines 21--22

 []


Underfull \hbox (badness 10000) in paragraph at lines 22--23

 []


Underfull \hbox (badness 10000) in paragraph at lines 23--24

 []

LaTeX Font Info:    External font `cmex10' loaded for size
(Font)              <7> on input line 31.
LaTeX Font Info:    External font `cmex10' loaded for size
(Font)              <5> on input line 31.

Underfull \hbox (badness 10000) in paragraph at lines 29--32

 []

LaTeX Font Info:    Try loading font information for OMS+cmr on input line 34.
(/usr/local/texlive/2019/texmf-dist/tex/latex/base/omscmr.fd
File: omscmr.fd 2014/09/29 v2.5h Standard LaTeX font definitions
)
LaTeX Font Info:    Font shape `OMS/cmr/m/n' in size <10> not available
(Font)              Font shape `OMS/cmsy/m/n' tried instead on input line 34.

Overfull \hbox (5.17795pt too wide) in paragraph at lines 52--52
[]\OT1/cmr/m/n/10 TransposType 
 []


Underfull \hbox (badness 3769) in paragraph at lines 58--58
[]\OT1/cmr/m/n/10 Time of find all pos-si-ble
 []


Overfull \hbox (42.32088pt too wide) in paragraph at lines 48--61
 [] 
 []

[1

{/usr/local/texlive/2019/texmf-var/fonts/map/pdftex/updmap/pdftex.map}]
Underfull \hbox (badness 10000) in paragraph at lines 62--63

 []


Underfull \hbox (badness 10000) in paragraph at lines 64--66

 []


Underfull \hbox (badness 10000) in paragraph at lines 67--69

 []


Underfull \hbox (badness 10000) in paragraph at lines 69--72

 []

[2]
Package atveryend Info: Empty hook `BeforeClearDocument' on input line 77.
Package atveryend Info: Empty hook `AfterLastShipout' on input line 77.
 (./ans4.aux)
Package atveryend Info: Executing hook `AtVeryEndDocument' on input line 77.
Package atveryend Info: Executing hook `AtEndAfterFileList' on input line 77.
Package rerunfilecheck Info: File `ans4.out' has not changed.
(rerunfilecheck)             Checksum: D41D8CD98F00B204E9800998ECF8427E;0.
Package atveryend Info: Empty hook `AtVeryVeryEnd' on input line 77.
 ) 
Here is how much of TeX's memory you used:
 16126 strings out of 492616
 305669 string characters out of 6129482
 395128 words of memory out of 5000000
 19780 multiletter control sequences out of 15000+600000
 7458 words of font info for 27 fonts, out of 8000000 for 9000
 1141 hyphenation exceptions out of 8191
 55i,9n,48p,407b,480s stack positions out of 5000i,500n,10000p,200000b,80000s
</usr/local/texlive/2019/texmf-dist/fonts/type1/public/amsfonts/cm/cmbx10.pfb
></usr/local/texlive/2019/texmf-dist/fonts/type1/public/amsfonts/cm/cmbx12.pfb>
</usr/local/texlive/2019/texmf-dist/fonts/type1/public/amsfonts/cm/cmr10.pfb></
usr/local/texlive/2019/texmf-dist/fonts/type1/public/amsfonts/cm/cmr12.pfb></us
r/local/texlive/2019/texmf-dist/fonts/type1/public/amsfonts/cm/cmsy10.pfb></usr
/local/texlive/2019/texmf-dist/fonts/type1/public/amsfonts/cm/cmtt10.pfb>
Output written on ans4.pdf (2 pages, 82683 bytes).
PDF statistics:
 58 PDF objects out of 1000 (max. 8388607)
 47 compressed objects within 1 object stream
 13 named destinations out of 1000 (max. 500000)
 13 words of extra memory for PDF output out of 10000 (max. 10000000)

